<?xml version="1.0" encoding="UTF-8"?>
<!-- Generated by org.testng.reporters.JUnitReportReporter -->
<testsuite hostname="LAPTOP-AEHNAUM1" failures="0" tests="1" name="com.brokenLinks.Task" time="142.807" errors="0" timestamp="2023-11-24T10:21:13 IST" skipped="0">
  <testcase classname="com.brokenLinks.Task" name="Patientcount" time="142.807"/>
</testsuite> <!-- com.brokenLinks.Task -->
